<?xml version="1.0" encoding="UTF-8"?>
<testsuite name="hexlet.code.SchemaTest" tests="3" skipped="0" failures="0" errors="0" timestamp="2026-03-29T20:58:19.835Z" hostname="DESKTOP-8TRV33D" time="0.052">
  <properties/>
  <testcase name="mapSchemaTest()" classname="hexlet.code.SchemaTest" time="0.04"/>
  <testcase name="stringSchemaTest()" classname="hexlet.code.SchemaTest" time="0.002"/>
  <testcase name="numberSchemaTest()" classname="hexlet.code.SchemaTest" time="0.003"/>
  <system-out><![CDATA[]]></system-out>
  <system-err><![CDATA[]]></system-err>
</testsuite>
